[0624/085553.613:ERROR:process_info.cc(359)] UncheckedAllocate
[0624/085614.605:ERROR:process_info.cc(359)] UncheckedAllocate
[0630/190353.592:ERROR:process_info.cc(359)] UncheckedAllocate
[0630/190354.399:ERROR:process_info.cc(359)] UncheckedAllocate
[0630/190354.996:ERROR:process_info.cc(359)] UncheckedAllocate
[0630/190355.594:ERROR:process_info.cc(359)] UncheckedAllocate
[0630/192513.762:ERROR:file_io.cc(134)] WriteFile: The pipe is being closed. (0xE8)
[0630/193429.245:ERROR:process_info.cc(359)] UncheckedAllocate
[0630/193429.610:ERROR:process_info.cc(359)] UncheckedAllocate
[0630/193433.558:ERROR:process_info.cc(359)] UncheckedAllocate
[0702/210307.195:ERROR:process_info.cc(359)] UncheckedAllocate
[0702/210307.240:ERROR:process_info.cc(359)] UncheckedAllocate
[0702/212740.980:ERROR:process_info.cc(359)] UncheckedAllocate
[0702/212740.996:ERROR:process_info.cc(359)] UncheckedAllocate
[0702/212741.009:ERROR:process_memory_win.cc(73)] ReadMemory at 0x9b373fa000 of 24576 bytes failed: Only part of a ReadProcessMemory or WriteProcessMemory request was completed. (0x12B)
[0702/212741.010:ERROR:process_memory_win.cc(73)] ReadMemory at 0x9b375fd000 of 12288 bytes failed: Only part of a ReadProcessMemory or WriteProcessMemory request was completed. (0x12B)
[0702/212741.010:ERROR:process_memory_win.cc(73)] ReadMemory at 0x9b377fd000 of 12288 bytes failed: Only part of a ReadProcessMemory or WriteProcessMemory request was completed. (0x12B)
[0702/212741.010:ERROR:process_memory_win.cc(73)] ReadMemory at 0x9b379fd000 of 12288 bytes failed: Only part of a ReadProcessMemory or WriteProcessMemory request was completed. (0x12B)
[0702/212741.010:ERROR:process_memory_win.cc(73)] ReadMemory at 0x9b37bfc000 of 16384 bytes failed: Only part of a ReadProcessMemory or WriteProcessMemory request was completed. (0x12B)
[0702/212741.011:ERROR:process_memory_win.cc(73)] ReadMemory at 0x9b37dfe000 of 8192 bytes failed: Only part of a ReadProcessMemory or WriteProcessMemory request was completed. (0x12B)
[0702/212741.011:ERROR:process_memory_win.cc(73)] ReadMemory at 0x9b37ffd000 of 12288 bytes failed: Only part of a ReadProcessMemory or WriteProcessMemory request was completed. (0x12B)
[0702/212741.011:ERROR:process_memory_win.cc(73)] ReadMemory at 0x9b381fd000 of 12288 bytes failed: Only part of a ReadProcessMemory or WriteProcessMemory request was completed. (0x12B)
[0702/212741.011:ERROR:process_memory_win.cc(73)] ReadMemory at 0x9b383fd000 of 12288 bytes failed: Only part of a ReadProcessMemory or WriteProcessMemory request was completed. (0x12B)
[0702/212741.011:ERROR:process_memory_win.cc(73)] ReadMemory at 0x9b385fd000 of 12288 bytes failed: Only part of a ReadProcessMemory or WriteProcessMemory request was completed. (0x12B)
[0702/212741.011:ERROR:process_memory_win.cc(73)] ReadMemory at 0x9b387fd000 of 12288 bytes failed: Only part of a ReadProcessMemory or WriteProcessMemory request was completed. (0x12B)
[0702/212741.011:ERROR:process_memory_win.cc(73)] ReadMemory at 0x9b389fd000 of 12288 bytes failed: Only part of a ReadProcessMemory or WriteProcessMemory request was completed. (0x12B)
[0702/212741.011:ERROR:process_memory_win.cc(73)] ReadMemory at 0x9b38bfd000 of 12288 bytes failed: Only part of a ReadProcessMemory or WriteProcessMemory request was completed. (0x12B)
[0702/212741.011:ERROR:process_memory_win.cc(73)] ReadMemory at 0x9b38dfd000 of 12288 bytes failed: Only part of a ReadProcessMemory or WriteProcessMemory request was completed. (0x12B)
[0702/212741.011:ERROR:process_memory_win.cc(73)] ReadMemory at 0x9b370d2000 of 852 bytes failed: Only part of a ReadProcessMemory or WriteProcessMemory request was completed. (0x12B)
[0702/212741.012:ERROR:process_memory_win.cc(73)] ReadMemory at 0x9b370d3000 of 6024 bytes failed: Only part of a ReadProcessMemory or WriteProcessMemory request was completed. (0x12B)
[0702/212741.012:ERROR:process_memory_win.cc(73)] ReadMemory at 0x9b370d5000 of 6024 bytes failed: Only part of a ReadProcessMemory or WriteProcessMemory request was completed. (0x12B)
[0702/212741.012:ERROR:process_memory_win.cc(73)] ReadMemory at 0x9b370d7000 of 6024 bytes failed: Only part of a ReadProcessMemory or WriteProcessMemory request was completed. (0x12B)
[0702/212741.012:ERROR:process_memory_win.cc(73)] ReadMemory at 0x9b370d9000 of 6024 bytes failed: Only part of a ReadProcessMemory or WriteProcessMemory request was completed. (0x12B)
[0702/212741.012:ERROR:process_memory_win.cc(73)] ReadMemory at 0x9b370db000 of 6024 bytes failed: Only part of a ReadProcessMemory or WriteProcessMemory request was completed. (0x12B)
[0702/212741.012:ERROR:process_memory_win.cc(73)] ReadMemory at 0x9b370dd000 of 6024 bytes failed: Only part of a ReadProcessMemory or WriteProcessMemory request was completed. (0x12B)
[0702/212741.012:ERROR:process_memory_win.cc(73)] ReadMemory at 0x9b370df000 of 6024 bytes failed: Only part of a ReadProcessMemory or WriteProcessMemory request was completed. (0x12B)
[0702/212741.012:ERROR:process_memory_win.cc(73)] ReadMemory at 0x9b370e1000 of 6024 bytes failed: Only part of a ReadProcessMemory or WriteProcessMemory request was completed. (0x12B)
[0702/212741.012:ERROR:process_memory_win.cc(73)] ReadMemory at 0x9b370e3000 of 6024 bytes failed: Only part of a ReadProcessMemory or WriteProcessMemory request was completed. (0x12B)
[0702/212741.012:ERROR:process_memory_win.cc(73)] ReadMemory at 0x9b370e5000 of 6024 bytes failed: Only part of a ReadProcessMemory or WriteProcessMemory request was completed. (0x12B)
[0702/212741.013:ERROR:process_memory_win.cc(73)] ReadMemory at 0x9b370e7000 of 6024 bytes failed: Only part of a ReadProcessMemory or WriteProcessMemory request was completed. (0x12B)
[0702/212741.013:ERROR:process_memory_win.cc(73)] ReadMemory at 0x9b370e9000 of 6024 bytes failed: Only part of a ReadProcessMemory or WriteProcessMemory request was completed. (0x12B)
[0702/212741.013:ERROR:process_memory_win.cc(73)] ReadMemory at 0x9b370eb000 of 6024 bytes failed: Only part of a ReadProcessMemory or WriteProcessMemory request was completed. (0x12B)
[0702/212741.014:ERROR:process_memory_win.cc(73)] ReadMemory at 0x9b370ed000 of 6024 bytes failed: Only part of a ReadProcessMemory or WriteProcessMemory request was completed. (0x12B)
[0702/212741.014:ERROR:process_memory_win.cc(73)] ReadMemory at 0x26607e30fe0 of 4458 bytes failed: Only part of a ReadProcessMemory or WriteProcessMemory request was completed. (0x12B)
[0702/212741.014:ERROR:process_memory_win.cc(73)] ReadMemory at 0x26607e32160 of 1012 bytes failed: Only part of a ReadProcessMemory or WriteProcessMemory request was completed. (0x12B)
[0702/212741.014:ERROR:process_memory_win.cc(73)] ReadMemory at 0x26607e32788 of 144 bytes failed: Only part of a ReadProcessMemory or WriteProcessMemory request was completed. (0x12B)
[0702/212741.014:ERROR:process_memory_win.cc(73)] ReadMemory at 0x26607e3281a of 118 bytes failed: Only part of a ReadProcessMemory or WriteProcessMemory request was completed. (0x12B)
[0702/212741.015:ERROR:process_memory_win.cc(73)] ReadMemory at 0x26607e32892 of 1410 bytes failed: Only part of a ReadProcessMemory or WriteProcessMemory request was completed. (0x12B)
[0702/212741.015:ERROR:process_memory_win.cc(73)] ReadMemory at 0x26607e32e16 of 118 bytes failed: Only part of a ReadProcessMemory or WriteProcessMemory request was completed. (0x12B)
[0702/212741.015:ERROR:process_memory_win.cc(73)] ReadMemory at 0x26607e32e8e of 96 bytes failed: Only part of a ReadProcessMemory or WriteProcessMemory request was completed. (0x12B)
[0702/212741.015:ERROR:process_memory_win.cc(73)] ReadMemory at 0x26607e32f00 of 58 bytes failed: Only part of a ReadProcessMemory or WriteProcessMemory request was completed. (0x12B)
[0702/212741.015:ERROR:process_memory_win.cc(73)] ReadMemory at 0x26607e330a0 of 132 bytes failed: Only part of a ReadProcessMemory or WriteProcessMemory request was completed. (0x12B)
[0702/212741.015:ERROR:process_memory_win.cc(73)] ReadMemory at 0x26607e33230 of 132 bytes failed: Only part of a ReadProcessMemory or WriteProcessMemory request was completed. (0x12B)
[0702/212741.015:ERROR:process_memory_win.cc(73)] ReadMemory at 0x26607e333f0 of 126 bytes failed: Only part of a ReadProcessMemory or WriteProcessMemory request was completed. (0x12B)
[0702/212741.015:ERROR:process_memory_win.cc(73)] ReadMemory at 0x26607e337d0 of 132 bytes failed: Only part of a ReadProcessMemory or WriteProcessMemory request was completed. (0x12B)
[0702/212741.015:ERROR:process_memory_win.cc(73)] ReadMemory at 0x26607e33960 of 64 bytes failed: Only part of a ReadProcessMemory or WriteProcessMemory request was completed. (0x12B)
[0702/212741.016:ERROR:process_memory_win.cc(73)] ReadMemory at 0x26607e33b20 of 132 bytes failed: Only part of a ReadProcessMemory or WriteProcessMemory request was completed. (0x12B)
[0702/212741.016:ERROR:process_memory_win.cc(73)] ReadMemory at 0x26607e33d70 of 62 bytes failed: Only part of a ReadProcessMemory or WriteProcessMemory request was completed. (0x12B)
[0702/212741.016:ERROR:process_memory_win.cc(73)] ReadMemory at 0x26607e33dc0 of 132 bytes failed: Only part of a ReadProcessMemory or WriteProcessMemory request was completed. (0x12B)
[0702/212741.016:ERROR:process_memory_win.cc(73)] ReadMemory at 0x26607e33f50 of 68 bytes failed: Only part of a ReadProcessMemory or WriteProcessMemory request was completed. (0x12B)
[0702/212741.016:ERROR:process_memory_win.cc(73)] ReadMemory at 0x26607e350b0 of 132 bytes failed: Only part of a ReadProcessMemory or WriteProcessMemory request was completed. (0x12B)
[0702/212741.016:ERROR:process_memory_win.cc(73)] ReadMemory at 0x26607e355d0 of 132 bytes failed: Only part of a ReadProcessMemory or WriteProcessMemory request was completed. (0x12B)
[0702/212741.016:ERROR:process_memory_win.cc(73)] ReadMemory at 0x26607e35760 of 60 bytes failed: Only part of a ReadProcessMemory or WriteProcessMemory request was completed. (0x12B)
[0702/212741.016:ERROR:process_memory_win.cc(73)] ReadMemory at 0x26607e357b0 of 158 bytes failed: Only part of a ReadProcessMemory or WriteProcessMemory request was completed. (0x12B)
[0702/212741.016:ERROR:process_memory_win.cc(73)] ReadMemory at 0x26607e359b0 of 132 bytes failed: Only part of a ReadProcessMemory or WriteProcessMemory request was completed. (0x12B)
[0702/212741.016:ERROR:process_memory_win.cc(73)] ReadMemory at 0x26607e35b40 of 64 bytes failed: Only part of a ReadProcessMemory or WriteProcessMemory request was completed. (0x12B)
[0702/212741.016:ERROR:process_memory_win.cc(73)] ReadMemory at 0x26607e35dc0 of 132 bytes failed: Only part of a ReadProcessMemory or WriteProcessMemory request was completed. (0x12B)
[0702/212741.016:ERROR:process_memory_win.cc(73)] ReadMemory at 0x26607e35f50 of 64 bytes failed: Only part of a ReadProcessMemory or WriteProcessMemory request was completed. (0x12B)
[0702/212741.016:ERROR:process_memory_win.cc(73)] ReadMemory at 0x26607e361b0 of 132 bytes failed: Only part of a ReadProcessMemory or WriteProcessMemory request was completed. (0x12B)
[0702/212741.016:ERROR:process_memory_win.cc(73)] ReadMemory at 0x26607e36340 of 60 bytes failed: Only part of a ReadProcessMemory or WriteProcessMemory request was completed. (0x12B)
[0702/212741.017:ERROR:process_memory_win.cc(73)] ReadMemory at 0x26607e36650 of 132 bytes failed: Only part of a ReadProcessMemory or WriteProcessMemory request was completed. (0x12B)
[0702/212741.017:ERROR:process_memory_win.cc(73)] ReadMemory at 0x26607e367e0 of 60 bytes failed: Only part of a ReadProcessMemory or WriteProcessMemory request was completed. (0x12B)
[0702/212741.017:ERROR:process_memory_win.cc(73)] ReadMemory at 0x26607e36a20 of 132 bytes failed: Only part of a ReadProcessMemory or WriteProcessMemory request was completed. (0x12B)
[0702/212741.017:ERROR:process_memory_win.cc(73)] ReadMemory at 0x26607e36bb0 of 62 bytes failed: Only part of a ReadProcessMemory or WriteProcessMemory request was completed. (0x12B)
[0702/212741.017:ERROR:process_memory_win.cc(73)] ReadMemory at 0x26607e36f30 of 132 bytes failed: Only part of a ReadProcessMemory or WriteProcessMemory request was completed. (0x12B)
[0702/212741.017:ERROR:process_memory_win.cc(73)] ReadMemory at 0x26607e370c0 of 80 bytes failed: Only part of a ReadProcessMemory or WriteProcessMemory request was completed. (0x12B)
[0702/212741.017:ERROR:process_memory_win.cc(73)] ReadMemory at 0x26607e39700 of 132 bytes failed: Only part of a ReadProcessMemory or WriteProcessMemory request was completed. (0x12B)
[0702/212741.017:ERROR:process_memory_win.cc(73)] ReadMemory at 0x26607e398e0 of 76 bytes failed: Only part of a ReadProcessMemory or WriteProcessMemory request was completed. (0x12B)
[0702/212741.017:ERROR:process_memory_win.cc(73)] ReadMemory at 0x26607e39e80 of 78 bytes failed: Only part of a ReadProcessMemory or WriteProcessMemory request was completed. (0x12B)
[0702/212741.017:ERROR:process_memory_win.cc(73)] ReadMemory at 0x26607e3ac80 of 132 bytes failed: Only part of a ReadProcessMemory or WriteProcessMemory request was completed. (0x12B)
[0702/212741.017:ERROR:process_memory_win.cc(73)] ReadMemory at 0x26607e3adb0 of 66 bytes failed: Only part of a ReadProcessMemory or WriteProcessMemory request was completed. (0x12B)
[0702/212741.017:ERROR:process_memory_win.cc(73)] ReadMemory at 0x26607e3aff0 of 132 bytes failed: Only part of a ReadProcessMemory or WriteProcessMemory request was completed. (0x12B)
[0702/212741.017:ERROR:process_memory_win.cc(73)] ReadMemory at 0x26607e3b120 of 62 bytes failed: Only part of a ReadProcessMemory or WriteProcessMemory request was completed. (0x12B)
[0702/212741.017:ERROR:process_memory_win.cc(73)] ReadMemory at 0x26607e3b380 of 132 bytes failed: Only part of a ReadProcessMemory or WriteProcessMemory request was completed. (0x12B)
[0702/212741.017:ERROR:process_memory_win.cc(73)] ReadMemory at 0x26607e3b4b0 of 64 bytes failed: Only part of a ReadProcessMemory or WriteProcessMemory request was completed. (0x12B)
[0702/212741.018:ERROR:process_memory_win.cc(73)] ReadMemory at 0x26607e3b740 of 132 bytes failed: Only part of a ReadProcessMemory or WriteProcessMemory request was completed. (0x12B)
[0702/212741.018:ERROR:process_memory_win.cc(73)] ReadMemory at 0x26607e3b870 of 132 bytes failed: Only part of a ReadProcessMemory or WriteProcessMemory request was completed. (0x12B)
[0702/212741.018:ERROR:process_memory_win.cc(73)] ReadMemory at 0x26607e3b9a0 of 132 bytes failed: Only part of a ReadProcessMemory or WriteProcessMemory request was completed. (0x12B)
[0702/212741.018:ERROR:process_memory_win.cc(73)] ReadMemory at 0x26607e3bad0 of 132 bytes failed: Only part of a ReadProcessMemory or WriteProcessMemory request was completed. (0x12B)
[0702/212741.018:ERROR:process_memory_win.cc(73)] ReadMemory at 0x26607e3bc00 of 132 bytes failed: Only part of a ReadProcessMemory or WriteProcessMemory request was completed. (0x12B)
[0702/212741.018:ERROR:process_memory_win.cc(73)] ReadMemory at 0x26607e3bd30 of 132 bytes failed: Only part of a ReadProcessMemory or WriteProcessMemory request was completed. (0x12B)
[0702/212741.018:ERROR:process_memory_win.cc(73)] ReadMemory at 0x26607e3be60 of 132 bytes failed: Only part of a ReadProcessMemory or WriteProcessMemory request was completed. (0x12B)
[0702/212741.018:ERROR:process_memory_win.cc(73)] ReadMemory at 0x26607e3bf90 of 132 bytes failed: Only part of a ReadProcessMemory or WriteProcessMemory request was completed. (0x12B)
[0702/212741.018:ERROR:process_memory_win.cc(73)] ReadMemory at 0x26607e3c0c0 of 132 bytes failed: Only part of a ReadProcessMemory or WriteProcessMemory request was completed. (0x12B)
[0702/212741.018:ERROR:process_memory_win.cc(73)] ReadMemory at 0x26607e3c1f0 of 132 bytes failed: Only part of a ReadProcessMemory or WriteProcessMemory request was completed. (0x12B)
[0702/212741.018:ERROR:process_memory_win.cc(73)] ReadMemory at 0x26607e3c320 of 132 bytes failed: Only part of a ReadProcessMemory or WriteProcessMemory request was completed. (0x12B)
[0702/212741.018:ERROR:process_memory_win.cc(73)] ReadMemory at 0x26607e3c450 of 132 bytes failed: Only part of a ReadProcessMemory or WriteProcessMemory request was completed. (0x12B)
[0702/212741.018:ERROR:process_memory_win.cc(73)] ReadMemory at 0x26607e3c580 of 132 bytes failed: Only part of a ReadProcessMemory or WriteProcessMemory request was completed. (0x12B)
[0702/212741.018:ERROR:process_memory_win.cc(73)] ReadMemory at 0x26607e3c750 of 62 bytes failed: Only part of a ReadProcessMemory or WriteProcessMemory request was completed. (0x12B)
[0702/212741.018:ERROR:process_memory_win.cc(73)] ReadMemory at 0x26607e3c7f0 of 66 bytes failed: Only part of a ReadProcessMemory or WriteProcessMemory request was completed. (0x12B)
[0702/212741.018:ERROR:process_memory_win.cc(73)] ReadMemory at 0x26607e3c840 of 62 bytes failed: Only part of a ReadProcessMemory or WriteProcessMemory request was completed. (0x12B)
[0702/212741.019:ERROR:process_memory_win.cc(73)] ReadMemory at 0x26607e3c890 of 58 bytes failed: Only part of a ReadProcessMemory or WriteProcessMemory request was completed. (0x12B)
[0702/212741.019:ERROR:process_memory_win.cc(73)] ReadMemory at 0x26607e3c8e0 of 60 bytes failed: Only part of a ReadProcessMemory or WriteProcessMemory request was completed. (0x12B)
[0702/212741.019:ERROR:process_memory_win.cc(73)] ReadMemory at 0x26607e3c930 of 62 bytes failed: Only part of a ReadProcessMemory or WriteProcessMemory request was completed. (0x12B)
[0702/212741.019:ERROR:process_memory_win.cc(73)] ReadMemory at 0x26607e3ca20 of 66 bytes failed: Only part of a ReadProcessMemory or WriteProcessMemory request was completed. (0x12B)
[0702/212741.019:ERROR:process_memory_win.cc(73)] ReadMemory at 0x26607e3ca70 of 60 bytes failed: Only part of a ReadProcessMemory or WriteProcessMemory request was completed. (0x12B)
[0702/212741.019:ERROR:process_memory_win.cc(73)] ReadMemory at 0x26607e3cac0 of 62 bytes failed: Only part of a ReadProcessMemory or WriteProcessMemory request was completed. (0x12B)
[0702/212741.019:ERROR:process_memory_win.cc(73)] ReadMemory at 0x26607e3cb10 of 64 bytes failed: Only part of a ReadProcessMemory or WriteProcessMemory request was completed. (0x12B)
[0702/212741.019:ERROR:process_memory_win.cc(73)] ReadMemory at 0x26607e3cc00 of 62 bytes failed: Only part of a ReadProcessMemory or WriteProcessMemory request was completed. (0x12B)
[0702/212741.019:ERROR:process_memory_win.cc(73)] ReadMemory at 0x26607e3cca0 of 58 bytes failed: Only part of a ReadProcessMemory or WriteProcessMemory request was completed. (0x12B)
[0702/212741.019:ERROR:process_memory_win.cc(73)] ReadMemory at 0x26607e3ce80 of 60 bytes failed: Only part of a ReadProcessMemory or WriteProcessMemory request was completed. (0x12B)
[0702/212741.019:ERROR:process_memory_win.cc(73)] ReadMemory at 0x26607e3cf7c of 512 bytes failed: Only part of a ReadProcessMemory or WriteProcessMemory request was completed. (0x12B)
[0702/212741.019:ERROR:process_memory_win.cc(73)] ReadMemory at 0x26607e3e920 of 154 bytes failed: Only part of a ReadProcessMemory or WriteProcessMemory request was completed. (0x12B)
[0702/212741.019:ERROR:process_memory_win.cc(73)] ReadMemory at 0x26607e40fe0 of 132 bytes failed: Only part of a ReadProcessMemory or WriteProcessMemory request was completed. (0x12B)
[0702/212741.019:ERROR:process_memory_win.cc(73)] ReadMemory at 0x26607e41110 of 132 bytes failed: Only part of a ReadProcessMemory or WriteProcessMemory request was completed. (0x12B)
[0702/212741.019:ERROR:process_memory_win.cc(73)] ReadMemory at 0x26607e41240 of 132 bytes failed: Only part of a ReadProcessMemory or WriteProcessMemory request was completed. (0x12B)
[0702/212741.019:ERROR:process_memory_win.cc(73)] ReadMemory at 0x26607e41370 of 132 bytes failed: Only part of a ReadProcessMemory or WriteProcessMemory request was completed. (0x12B)
[0702/212741.019:ERROR:process_memory_win.cc(73)] ReadMemory at 0x26607e415d0 of 132 bytes failed: Only part of a ReadProcessMemory or WriteProcessMemory request was completed. (0x12B)
[0702/212741.019:ERROR:process_memory_win.cc(73)] ReadMemory at 0x26607e41700 of 132 bytes failed: Only part of a ReadProcessMemory or WriteProcessMemory request was completed. (0x12B)
[0702/212741.019:ERROR:process_memory_win.cc(73)] ReadMemory at 0x26607e41830 of 132 bytes failed: Only part of a ReadProcessMemory or WriteProcessMemory request was completed. (0x12B)
[0702/212741.019:ERROR:process_memory_win.cc(73)] ReadMemory at 0x26607e41960 of 132 bytes failed: Only part of a ReadProcessMemory or WriteProcessMemory request was completed. (0x12B)
[0702/212741.020:ERROR:process_memory_win.cc(73)] ReadMemory at 0x26607e41a90 of 132 bytes failed: Only part of a ReadProcessMemory or WriteProcessMemory request was completed. (0x12B)
[0702/212741.020:ERROR:process_memory_win.cc(73)] ReadMemory at 0x26607e41bc0 of 132 bytes failed: Only part of a ReadProcessMemory or WriteProcessMemory request was completed. (0x12B)
[0702/212741.020:ERROR:process_memory_win.cc(73)] ReadMemory at 0x26607e41cf0 of 132 bytes failed: Only part of a ReadProcessMemory or WriteProcessMemory request was completed. (0x12B)
[0702/212741.020:ERROR:process_memory_win.cc(73)] ReadMemory at 0x26607e41e20 of 132 bytes failed: Only part of a ReadProcessMemory or WriteProcessMemory request was completed. (0x12B)
[0702/212741.020:ERROR:process_memory_win.cc(73)] ReadMemory at 0x26607e41f50 of 132 bytes failed: Only part of a ReadProcessMemory or WriteProcessMemory request was completed. (0x12B)
[0702/212741.020:ERROR:process_memory_win.cc(73)] ReadMemory at 0x26607e42080 of 132 bytes failed: Only part of a ReadProcessMemory or WriteProcessMemory request was completed. (0x12B)
[0702/212741.020:ERROR:process_memory_win.cc(73)] ReadMemory at 0x26607e421b0 of 132 bytes failed: Only part of a ReadProcessMemory or WriteProcessMemory request was completed. (0x12B)
[0702/212741.020:ERROR:process_memory_win.cc(73)] ReadMemory at 0x26607e422e0 of 132 bytes failed: Only part of a ReadProcessMemory or WriteProcessMemory request was completed. (0x12B)
[0702/212741.021:ERROR:process_memory_win.cc(73)] ReadMemory at 0x26607e42410 of 132 bytes failed: Only part of a ReadProcessMemory or WriteProcessMemory request was completed. (0x12B)
[0702/212741.021:ERROR:process_memory_win.cc(73)] ReadMemory at 0x26607e42540 of 132 bytes failed: Only part of a ReadProcessMemory or WriteProcessMemory request was completed. (0x12B)
[0702/212741.021:ERROR:process_memory_win.cc(73)] ReadMemory at 0x26607e42670 of 132 bytes failed: Only part of a ReadProcessMemory or WriteProcessMemory request was completed. (0x12B)
[0702/212741.021:ERROR:process_memory_win.cc(73)] ReadMemory at 0x26607e427a0 of 132 bytes failed: Only part of a ReadProcessMemory or WriteProcessMemory request was completed. (0x12B)
[0702/212741.021:ERROR:process_memory_win.cc(73)] ReadMemory at 0x26607e428d0 of 132 bytes failed: Only part of a ReadProcessMemory or WriteProcessMemory request was completed. (0x12B)
[0702/212741.021:ERROR:process_memory_win.cc(73)] ReadMemory at 0x26607e42a00 of 132 bytes failed: Only part of a ReadProcessMemory or WriteProcessMemory request was completed. (0x12B)
[0702/212741.021:ERROR:process_memory_win.cc(73)] ReadMemory at 0x26607e42b30 of 132 bytes failed: Only part of a ReadProcessMemory or WriteProcessMemory request was completed. (0x12B)
[0702/212741.022:ERROR:process_memory_win.cc(73)] ReadMemory at 0x26607e42c60 of 132 bytes failed: Only part of a ReadProcessMemory or WriteProcessMemory request was completed. (0x12B)
[0702/212741.022:ERROR:process_memory_win.cc(73)] ReadMemory at 0x26607e42d90 of 132 bytes failed: Only part of a ReadProcessMemory or WriteProcessMemory request was completed. (0x12B)
[0702/212741.022:ERROR:process_memory_win.cc(73)] ReadMemory at 0x26607e43e90 of 80 bytes failed: Only part of a ReadProcessMemory or WriteProcessMemory request was completed. (0x12B)
[0702/212741.022:ERROR:process_memory_win.cc(73)] ReadMemory at 0x26607e441e0 of 58 bytes failed: Only part of a ReadProcessMemory or WriteProcessMemory request was completed. (0x12B)
[0702/212741.022:ERROR:process_memory_win.cc(73)] ReadMemory at 0x26607e44f50 of 66 bytes failed: Only part of a ReadProcessMemory or WriteProcessMemory request was completed. (0x12B)
[0702/212741.022:ERROR:process_memory_win.cc(73)] ReadMemory at 0x26607e45040 of 58 bytes failed: Only part of a ReadProcessMemory or WriteProcessMemory request was completed. (0x12B)
[0702/212741.022:ERROR:process_memory_win.cc(73)] ReadMemory at 0x26607e4db40 of 54 bytes failed: Only part of a ReadProcessMemory or WriteProcessMemory request was completed. (0x12B)
[0702/212741.022:ERROR:process_memory_win.cc(73)] ReadMemory at 0x26607e54d90 of 62 bytes failed: Only part of a ReadProcessMemory or WriteProcessMemory request was completed. (0x12B)
[0702/212741.022:ERROR:process_memory_win.cc(73)] ReadMemory at 0x26607e54e80 of 64 bytes failed: Only part of a ReadProcessMemory or WriteProcessMemory request was completed. (0x12B)
[0702/212741.022:ERROR:process_memory_win.cc(73)] ReadMemory at 0x26607e54f70 of 68 bytes failed: Only part of a ReadProcessMemory or WriteProcessMemory request was completed. (0x12B)
[0702/212741.022:ERROR:process_memory_win.cc(73)] ReadMemory at 0x26607e55240 of 62 bytes failed: Only part of a ReadProcessMemory or WriteProcessMemory request was completed. (0x12B)
[0702/212741.023:ERROR:process_memory_win.cc(73)] ReadMemory at 0x26607e55290 of 60 bytes failed: Only part of a ReadProcessMemory or WriteProcessMemory request was completed. (0x12B)
[0702/212741.023:ERROR:process_memory_win.cc(73)] ReadMemory at 0x26607e552e0 of 64 bytes failed: Only part of a ReadProcessMemory or WriteProcessMemory request was completed. (0x12B)
[0702/212741.023:ERROR:process_memory_win.cc(73)] ReadMemory at 0x26607e55330 of 64 bytes failed: Only part of a ReadProcessMemory or WriteProcessMemory request was completed. (0x12B)
[0702/212741.023:ERROR:process_memory_win.cc(73)] ReadMemory at 0x26607e55420 of 60 bytes failed: Only part of a ReadProcessMemory or WriteProcessMemory request was completed. (0x12B)
[0702/212741.023:ERROR:process_memory_win.cc(73)] ReadMemory at 0x26607e55650 of 64 bytes failed: Only part of a ReadProcessMemory or WriteProcessMemory request was completed. (0x12B)
[0702/212741.023:ERROR:process_memory_win.cc(73)] ReadMemory at 0x26607e556a0 of 60 bytes failed: Only part of a ReadProcessMemory or WriteProcessMemory request was completed. (0x12B)
[0702/212741.024:ERROR:process_memory_win.cc(73)] ReadMemory at 0x26607e556f0 of 64 bytes failed: Only part of a ReadProcessMemory or WriteProcessMemory request was completed. (0x12B)
[0702/212741.024:ERROR:process_memory_win.cc(73)] ReadMemory at 0x26607e55740 of 56 bytes failed: Only part of a ReadProcessMemory or WriteProcessMemory request was completed. (0x12B)
[0702/212741.024:ERROR:process_memory_win.cc(73)] ReadMemory at 0x26607e55790 of 60 bytes failed: Only part of a ReadProcessMemory or WriteProcessMemory request was completed. (0x12B)
[0702/212741.024:ERROR:process_memory_win.cc(73)] ReadMemory at 0x26607e557e0 of 64 bytes failed: Only part of a ReadProcessMemory or WriteProcessMemory request was completed. (0x12B)
[0702/212741.024:ERROR:process_memory_win.cc(73)] ReadMemory at 0x26607e55880 of 62 bytes failed: Only part of a ReadProcessMemory or WriteProcessMemory request was completed. (0x12B)
[0702/212741.024:ERROR:process_memory_win.cc(73)] ReadMemory at 0x26607e559c0 of 62 bytes failed: Only part of a ReadProcessMemory or WriteProcessMemory request was completed. (0x12B)
[0702/212741.024:ERROR:process_memory_win.cc(73)] ReadMemory at 0x26607e55a10 of 60 bytes failed: Only part of a ReadProcessMemory or WriteProcessMemory request was completed. (0x12B)
[0702/212741.025:ERROR:process_memory_win.cc(73)] ReadMemory at 0x26607e55ab0 of 62 bytes failed: Only part of a ReadProcessMemory or WriteProcessMemory request was completed. (0x12B)
[0702/212741.025:ERROR:process_memory_win.cc(73)] ReadMemory at 0x26607e55bf0 of 62 bytes failed: Only part of a ReadProcessMemory or WriteProcessMemory request was completed. (0x12B)
[0702/212741.025:ERROR:process_memory_win.cc(73)] ReadMemory at 0x26607e55c40 of 64 bytes failed: Only part of a ReadProcessMemory or WriteProcessMemory request was completed. (0x12B)
[0702/212741.025:ERROR:process_memory_win.cc(73)] ReadMemory at 0x26607e55c90 of 64 bytes failed: Only part of a ReadProcessMemory or WriteProcessMemory request was completed. (0x12B)
[0702/212741.025:ERROR:process_memory_win.cc(73)] ReadMemory at 0x26607e55ce0 of 58 bytes failed: Only part of a ReadProcessMemory or WriteProcessMemory request was completed. (0x12B)
[0702/212741.025:ERROR:process_memory_win.cc(73)] ReadMemory at 0x26607e561d0 of 246 bytes failed: Only part of a ReadProcessMemory or WriteProcessMemory request was completed. (0x12B)
[0702/212741.025:ERROR:process_memory_win.cc(73)] ReadMemory at 0x26607e56e40 of 132 bytes failed: Only part of a ReadProcessMemory or WriteProcessMemory request was completed. (0x12B)
[0702/212741.025:ERROR:process_memory_win.cc(73)] ReadMemory at 0x26607e57db0 of 132 bytes failed: Only part of a ReadProcessMemory or WriteProcessMemory request was completed. (0x12B)
[0702/212741.025:ERROR:process_memory_win.cc(73)] ReadMemory at 0x26607e57ee0 of 132 bytes failed: Only part of a ReadProcessMemory or WriteProcessMemory request was completed. (0x12B)
[0702/212741.025:ERROR:process_memory_win.cc(73)] ReadMemory at 0x26607e58140 of 132 bytes failed: Only part of a ReadProcessMemory or WriteProcessMemory request was completed. (0x12B)
[0702/212741.026:ERROR:process_memory_win.cc(73)] ReadMemory at 0x26607e584d0 of 132 bytes failed: Only part of a ReadProcessMemory or WriteProcessMemory request was completed. (0x12B)
[0702/212741.026:ERROR:process_memory_win.cc(73)] ReadMemory at 0x26607e6dcf0 of 512 bytes failed: Only part of a ReadProcessMemory or WriteProcessMemory request was completed. (0x12B)
[0702/212741.026:ERROR:process_memory_win.cc(73)] ReadMemory at 0x26607e6ec30 of 512 bytes failed: Only part of a ReadProcessMemory or WriteProcessMemory request was completed. (0x12B)
[0702/212741.026:ERROR:process_memory_win.cc(73)] ReadMemory at 0x26607e6ff50 of 512 bytes failed: Only part of a ReadProcessMemory or WriteProcessMemory request was completed. (0x12B)
[0702/212741.026:ERROR:process_memory_win.cc(73)] ReadMemory at 0x266084821d0 of 512 bytes failed: Only part of a ReadProcessMemory or WriteProcessMemory request was completed. (0x12B)
[0702/212741.026:ERROR:process_memory_win.cc(73)] ReadMemory at 0x26608485e30 of 512 bytes failed: Only part of a ReadProcessMemory or WriteProcessMemory request was completed. (0x12B)
[0702/212741.026:ERROR:process_memory_win.cc(73)] ReadMemory at 0x26608499db0 of 512 bytes failed: Only part of a ReadProcessMemory or WriteProcessMemory request was completed. (0x12B)
[0702/212741.026:ERROR:process_memory_win.cc(73)] ReadMemory at 0x266084a5b30 of 712 bytes failed: Only part of a ReadProcessMemory or WriteProcessMemory request was completed. (0x12B)
[0702/212741.026:ERROR:process_memory_win.cc(73)] ReadMemory at 0x266084a8ed0 of 512 bytes failed: Only part of a ReadProcessMemory or WriteProcessMemory request was completed. (0x12B)
[0702/212741.026:ERROR:process_memory_win.cc(73)] ReadMemory at 0x266084c4cf0 of 512 bytes failed: Only part of a ReadProcessMemory or WriteProcessMemory request was completed. (0x12B)
[0702/212741.026:ERROR:process_memory_win.cc(73)] ReadMemory at 0x266084c4fb0 of 512 bytes failed: Only part of a ReadProcessMemory or WriteProcessMemory request was completed. (0x12B)
[0702/212741.026:ERROR:process_memory_win.cc(73)] ReadMemory at 0x266084c53d0 of 512 bytes failed: Only part of a ReadProcessMemory or WriteProcessMemory request was completed. (0x12B)
[0702/212741.026:ERROR:process_memory_win.cc(73)] ReadMemory at 0x266084c5950 of 512 bytes failed: Only part of a ReadProcessMemory or WriteProcessMemory request was completed. (0x12B)
[0702/212741.026:ERROR:process_memory_win.cc(73)] ReadMemory at 0x266084c5b60 of 512 bytes failed: Only part of a ReadProcessMemory or WriteProcessMemory request was completed. (0x12B)
[0702/212741.026:ERROR:process_memory_win.cc(73)] ReadMemory at 0x2660a3366f0 of 512 bytes failed: Only part of a ReadProcessMemory or WriteProcessMemory request was completed. (0x12B)
[0702/212741.026:ERROR:process_memory_win.cc(73)] ReadMemory at 0x2660a35eaa8 of 512 bytes failed: Only part of a ReadProcessMemory or WriteProcessMemory request was completed. (0x12B)
[0702/212741.026:ERROR:process_memory_win.cc(73)] ReadMemory at 0x2b17c4a17f98 of 512 bytes failed: Only part of a ReadProcessMemory or WriteProcessMemory request was completed. (0x12B)
[0702/212741.026:ERROR:process_memory_win.cc(73)] ReadMemory at 0x2b17c4a50220 of 512 bytes failed: Only part of a ReadProcessMemory or WriteProcessMemory request was completed. (0x12B)
[0702/212741.026:ERROR:process_memory_win.cc(73)] ReadMemory at 0x7ffcc6c7be2d of 512 bytes failed: Only part of a ReadProcessMemory or WriteProcessMemory request was completed. (0x12B)
[0702/212741.026:ERROR:process_memory_win.cc(73)] ReadMemory at 0x7ffcc792078c of 512 bytes failed: Only part of a ReadProcessMemory or WriteProcessMemory request was completed. (0x12B)
[0702/212741.027:ERROR:process_memory_win.cc(73)] ReadMemory at 0x7ffccb025978 of 512 bytes failed: Only part of a ReadProcessMemory or WriteProcessMemory request was completed. (0x12B)
[0702/212741.027:ERROR:process_memory_win.cc(73)] ReadMemory at 0x7ffd1d3190a9 of 512 bytes failed: Only part of a ReadProcessMemory or WriteProcessMemory request was completed. (0x12B)
[0702/212741.027:ERROR:process_memory_win.cc(73)] ReadMemory at 0x7ffd1ef121f0 of 512 bytes failed: Only part of a ReadProcessMemory or WriteProcessMemory request was completed. (0x12B)
[0702/212741.027:ERROR:process_memory_win.cc(73)] ReadMemory at 0x7ffd2086f764 of 672 bytes failed: Only part of a ReadProcessMemory or WriteProcessMemory request was completed. (0x12B)
[0702/212741.027:ERROR:process_memory_win.cc(73)] ReadMemory at 0x7ffd2086fd64 of 512 bytes failed: Only part of a ReadProcessMemory or WriteProcessMemory request was completed. (0x12B)
[0702/212741.027:ERROR:process_memory_win.cc(73)] ReadMemory at 0x7ffd20872ff4 of 608 bytes failed: Only part of a ReadProcessMemory or WriteProcessMemory request was completed. (0x12B)
[0702/212741.027:ERROR:process_memory_win.cc(73)] ReadMemory at 0x7ffd208fc0c8 of 18 bytes failed: Only part of a ReadProcessMemory or WriteProcessMemory request was completed. (0x12B)
[0702/212741.027:ERROR:process_memory_win.cc(73)] ReadMemory at 0x7ffd2092f4f8 of 40 bytes failed: Only part of a ReadProcessMemory or WriteProcessMemory request was completed. (0x12B)
[0702/212741.027:ERROR:process_memory_win.cc(73)] ReadMemory at 0x7ffd2092f978 of 48 bytes failed: Only part of a ReadProcessMemory or WriteProcessMemory request was completed. (0x12B)
[0702/212741.027:ERROR:process_memory_win.cc(73)] ReadMemory at 0x7ffd209353c0 of 64 bytes failed: Only part of a ReadProcessMemory or WriteProcessMemory request was completed. (0x12B)
[0702/212741.029:ERROR:file_io_win.cc(161)] CreateFile C:\Users\Eldad\AppData\Local\Temp\scoped_dir7116_22165\Crashpad\settings.dat: The system cannot find the file specified. (0x2)
[0702/212741.029:ERROR:scoped_process_suspend.cc(40)] NtResumeProcess: An attempt was made to access an exiting process. (0xc000010a)
[0702/212819.331:ERROR:process_info.cc(359)] UncheckedAllocate
[0702/221855.718:ERROR:process_info.cc(359)] UncheckedAllocate
[0702/222809.069:ERROR:process_info.cc(359)] UncheckedAllocate
[0702/222809.551:ERROR:process_info.cc(359)] UncheckedAllocate
[0702/222813.120:ERROR:process_info.cc(359)] UncheckedAllocate
[0702/223325.091:ERROR:process_info.cc(359)] UncheckedAllocate
[0702/223325.511:ERROR:process_info.cc(359)] UncheckedAllocate
[0705/104308.466:ERROR:process_info.cc(359)] UncheckedAllocate
[0705/104757.229:ERROR:process_info.cc(359)] UncheckedAllocate
[0705/104807.680:ERROR:process_info.cc(359)] UncheckedAllocate
[0705/105132.624:ERROR:process_info.cc(359)] UncheckedAllocate
[0705/105308.552:ERROR:process_info.cc(359)] UncheckedAllocate
[0705/110829.172:ERROR:process_info.cc(359)] UncheckedAllocate
[0705/110847.327:ERROR:process_info.cc(359)] UncheckedAllocate
[0705/110905.436:ERROR:process_info.cc(359)] UncheckedAllocate
[0705/110905.661:ERROR:process_info.cc(359)] UncheckedAllocate
[0705/110907.069:ERROR:process_info.cc(359)] UncheckedAllocate
[0705/110918.863:ERROR:process_info.cc(359)] UncheckedAllocate
[0705/110921.129:ERROR:process_info.cc(359)] UncheckedAllocate
[0705/112530.741:ERROR:process_info.cc(359)] UncheckedAllocate
[0705/182325.349:ERROR:process_info.cc(359)] UncheckedAllocate
[0707/023033.635:ERROR:process_info.cc(359)] UncheckedAllocate
